<?xml version="1.0" encoding="UTF-8"?>
<!-- Generated by org.testng.reporters.JUnitXMLReporter -->
<testsuite ignored="0" hostname="DESKTOP-2SKVUE2" failures="0" tests="4" name="Test" time="0.071" errors="0" timestamp="2023-09-22T08:33:20 IST">
  <testcase classname="testScripts.Test4" name="tc4" time="0.015"/>
  <testcase classname="testScripts.Test1" name="tc1" time="0.001"/>
  <testcase classname="testScripts.Test2" name="tc2" time="0.001"/>
  <testcase classname="testScripts.Test3" name="tc3" time="0.001"/>
</testsuite> <!-- Test -->
