<?xml version="1.0" encoding="UTF-8"?>
<testng-results ignored="0" total="1" passed="1" failed="0" skipped="0">
  <reporter-output>
  </reporter-output>
  <suite started-at="2023-10-01T15:24:37 IST" name="Default suite" finished-at="2023-10-01T15:24:49 IST" duration-ms="12183">
    <groups>
    </groups>
    <test started-at="2023-10-01T15:24:37 IST" name="Default test" finished-at="2023-10-01T15:24:49 IST" duration-ms="12183">
      <class name="testScripts.Test9">
        <test-method signature="tc()[pri:0, instance:testScripts.Test9@932bc4a]" started-at="2023-10-01T15:24:37 IST" name="tc" finished-at="2023-10-01T15:24:49 IST" duration-ms="12131" status="PASS">
          <reporter-output>
          </reporter-output>
        </test-method> <!-- tc -->
      </class> <!-- testScripts.Test9 -->
    </test> <!-- Default test -->
  </suite> <!-- Default suite -->
</testng-results>
