<?xml version="1.0" encoding="UTF-8"?>
<testng-results ignored="0" total="1" passed="1" failed="0" skipped="0">
  <reporter-output>
  </reporter-output>
  <suite started-at="2023-09-30T22:18:13 IST" name="Default suite" finished-at="2023-09-30T22:18:20 IST" duration-ms="7449">
    <groups>
    </groups>
    <test started-at="2023-09-30T22:18:13 IST" name="Default test" finished-at="2023-09-30T22:18:20 IST" duration-ms="7449">
      <class name="testScripts.Test7">
        <test-method signature="tc()[pri:0, instance:testScripts.Test7@932bc4a]" started-at="2023-09-30T22:18:13 IST" name="tc" finished-at="2023-09-30T22:18:20 IST" duration-ms="7392" status="PASS">
          <reporter-output>
          </reporter-output>
        </test-method> <!-- tc -->
      </class> <!-- testScripts.Test7 -->
    </test> <!-- Default test -->
  </suite> <!-- Default suite -->
</testng-results>
